01-Dec-2019 17:25:04.724 INFOS [main] org.apache.catalina.startup.VersionLoggerListener.log Version du serveur:        Apache Tomcat/8.5.47
01-Dec-2019 17:25:04.725 INFOS [main] org.apache.catalina.startup.VersionLoggerListener.log Serveur compilé:       Oct 7 2019 13:30:46 UTC
01-Dec-2019 17:25:04.725 INFOS [main] org.apache.catalina.startup.VersionLoggerListener.log Version du serveur:      8.5.47.0
01-Dec-2019 17:25:04.726 INFOS [main] org.apache.catalina.startup.VersionLoggerListener.log Nom de l'OS:           Linux
01-Dec-2019 17:25:04.726 INFOS [main] org.apache.catalina.startup.VersionLoggerListener.log Version de l'OS:        4.15.0-66-generic
01-Dec-2019 17:25:04.726 INFOS [main] org.apache.catalina.startup.VersionLoggerListener.log Architecture:          amd64
01-Dec-2019 17:25:04.726 INFOS [main] org.apache.catalina.startup.VersionLoggerListener.log Répertoire de Java:     /home/hagimont/install/jdk1.8.0_221/jre
01-Dec-2019 17:25:04.726 INFOS [main] org.apache.catalina.startup.VersionLoggerListener.log Version de la JVM:           1.8.0_221-b11
01-Dec-2019 17:25:04.726 INFOS [main] org.apache.catalina.startup.VersionLoggerListener.log Fournisseur de la JVM:            Oracle Corporation
01-Dec-2019 17:25:04.726 INFOS [main] org.apache.catalina.startup.VersionLoggerListener.log CATALINA_BASE:         /home/hagimont/install/apache-tomcat-8.5.47
01-Dec-2019 17:25:04.726 INFOS [main] org.apache.catalina.startup.VersionLoggerListener.log CATALINA_HOME:         /home/hagimont/install/apache-tomcat-8.5.47
01-Dec-2019 17:25:04.726 INFOS [main] org.apache.catalina.startup.VersionLoggerListener.log Argument de la ligne de commande: -Djava.util.logging.config.file=/home/hagimont/install/apache-tomcat-8.5.47/conf/logging.properties
01-Dec-2019 17:25:04.726 INFOS [main] org.apache.catalina.startup.VersionLoggerListener.log Argument de la ligne de commande: -Djava.util.logging.manager=org.apache.juli.ClassLoaderLogManager
01-Dec-2019 17:25:04.726 INFOS [main] org.apache.catalina.startup.VersionLoggerListener.log Argument de la ligne de commande: -Djdk.tls.ephemeralDHKeySize=2048
01-Dec-2019 17:25:04.726 INFOS [main] org.apache.catalina.startup.VersionLoggerListener.log Argument de la ligne de commande: -Djava.protocol.handler.pkgs=org.apache.catalina.webresources
01-Dec-2019 17:25:04.726 INFOS [main] org.apache.catalina.startup.VersionLoggerListener.log Argument de la ligne de commande: -Dorg.apache.catalina.security.SecurityListener.UMASK=0027
01-Dec-2019 17:25:04.727 INFOS [main] org.apache.catalina.startup.VersionLoggerListener.log Argument de la ligne de commande: -Dignore.endorsed.dirs=
01-Dec-2019 17:25:04.727 INFOS [main] org.apache.catalina.startup.VersionLoggerListener.log Argument de la ligne de commande: -Dcatalina.base=/home/hagimont/install/apache-tomcat-8.5.47
01-Dec-2019 17:25:04.727 INFOS [main] org.apache.catalina.startup.VersionLoggerListener.log Argument de la ligne de commande: -Dcatalina.home=/home/hagimont/install/apache-tomcat-8.5.47
01-Dec-2019 17:25:04.727 INFOS [main] org.apache.catalina.startup.VersionLoggerListener.log Argument de la ligne de commande: -Djava.io.tmpdir=/home/hagimont/install/apache-tomcat-8.5.47/temp
01-Dec-2019 17:25:04.727 INFOS [main] org.apache.catalina.core.AprLifecycleListener.lifecycleEvent La librairie Apache Tomcat Native basée sur APR qui permet des performances optimales dans les environnements de production n'a pas été trouvée sur le java.library.path: [/usr/java/packages/lib/amd64:/usr/lib64:/lib64:/lib:/usr/lib]
01-Dec-2019 17:25:04.885 INFOS [main] org.apache.coyote.AbstractProtocol.init Initialisation du gestionnaire de protocole ["http-nio-8080"]
01-Dec-2019 17:25:04.896 INFOS [main] org.apache.tomcat.util.net.NioSelectorPool.getSharedSelector Using a shared selector for servlet write/read
01-Dec-2019 17:25:04.916 INFOS [main] org.apache.coyote.AbstractProtocol.init Initialisation du gestionnaire de protocole ["ajp-nio-8009"]
01-Dec-2019 17:25:04.917 INFOS [main] org.apache.tomcat.util.net.NioSelectorPool.getSharedSelector Using a shared selector for servlet write/read
01-Dec-2019 17:25:04.918 INFOS [main] org.apache.catalina.startup.Catalina.load Initialization processed in 429 ms
01-Dec-2019 17:25:04.948 INFOS [main] org.apache.catalina.core.StandardService.startInternal Démarrage du service [Catalina]
01-Dec-2019 17:25:04.948 INFOS [main] org.apache.catalina.core.StandardEngine.startInternal Starting Servlet Engine: Apache Tomcat/8.5.47
01-Dec-2019 17:25:04.974 INFOS [localhost-startStop-1] org.apache.catalina.startup.HostConfig.deployWAR Déploiement de l'archive [/home/hagimont/install/apache-tomcat-8.5.47/webapps/WS.war] de l'application web
01-Dec-2019 17:25:05.449 INFOS [localhost-startStop-1] org.apache.jasper.servlet.TldScanner.scanJars Au moins un fichier JAR a été analysé pour trouver des TLDs mais il n'en contenait pas, le mode "debug" du journal peut être activé pour obtenir une liste complète de JAR scannés sans succès; éviter d'analyser des JARs inutilement peut améliorer sensiblement le temps de démarrage et le temps de compilation des JSPs
01-Dec-2019 17:25:05.560 AVERTISSEMENT [localhost-startStop-1] org.apache.axis.utils.JavaUtils.isAttachmentSupported Unable to find required classes (javax.activation.DataHandler and javax.mail.internet.MimeMultipart). Attachment support is disabled.
01-Dec-2019 17:25:05.629 INFOS [localhost-startStop-1] org.apache.catalina.startup.HostConfig.deployWAR Le déploiement de l'archive de l'application web [/home/hagimont/install/apache-tomcat-8.5.47/webapps/WS.war] s'est terminé en [654] ms
01-Dec-2019 17:25:05.629 INFOS [localhost-startStop-1] org.apache.catalina.startup.HostConfig.deployWAR Déploiement de l'archive [/home/hagimont/install/apache-tomcat-8.5.47/webapps/web.war] de l'application web
01-Dec-2019 17:25:05.834 INFOS [localhost-startStop-1] org.apache.jasper.servlet.TldScanner.scanJars Au moins un fichier JAR a été analysé pour trouver des TLDs mais il n'en contenait pas, le mode "debug" du journal peut être activé pour obtenir une liste complète de JAR scannés sans succès; éviter d'analyser des JARs inutilement peut améliorer sensiblement le temps de démarrage et le temps de compilation des JSPs
01-Dec-2019 17:25:05.836 INFOS [localhost-startStop-1] org.apache.catalina.startup.HostConfig.deployWAR Le déploiement de l'archive de l'application web [/home/hagimont/install/apache-tomcat-8.5.47/webapps/web.war] s'est terminé en [207] ms
01-Dec-2019 17:25:05.858 INFOS [localhost-startStop-1] org.apache.catalina.startup.HostConfig.deployDirectory Déploiement du répertoire d'application web [/home/hagimont/install/apache-tomcat-8.5.47/webapps/docs]
01-Dec-2019 17:25:05.998 INFOS [localhost-startStop-1] org.apache.jasper.servlet.TldScanner.scanJars Au moins un fichier JAR a été analysé pour trouver des TLDs mais il n'en contenait pas, le mode "debug" du journal peut être activé pour obtenir une liste complète de JAR scannés sans succès; éviter d'analyser des JARs inutilement peut améliorer sensiblement le temps de démarrage et le temps de compilation des JSPs
01-Dec-2019 17:25:05.999 INFOS [localhost-startStop-1] org.apache.catalina.startup.HostConfig.deployDirectory Le déploiement du répertoire [/home/hagimont/install/apache-tomcat-8.5.47/webapps/docs] de l'application web s'est terminé en [141] ms
01-Dec-2019 17:25:05.999 INFOS [localhost-startStop-1] org.apache.catalina.startup.HostConfig.deployDirectory Déploiement du répertoire d'application web [/home/hagimont/install/apache-tomcat-8.5.47/webapps/manager]
01-Dec-2019 17:25:06.128 INFOS [localhost-startStop-1] org.apache.jasper.servlet.TldScanner.scanJars Au moins un fichier JAR a été analysé pour trouver des TLDs mais il n'en contenait pas, le mode "debug" du journal peut être activé pour obtenir une liste complète de JAR scannés sans succès; éviter d'analyser des JARs inutilement peut améliorer sensiblement le temps de démarrage et le temps de compilation des JSPs
01-Dec-2019 17:25:06.131 INFOS [localhost-startStop-1] org.apache.catalina.startup.HostConfig.deployDirectory Le déploiement du répertoire [/home/hagimont/install/apache-tomcat-8.5.47/webapps/manager] de l'application web s'est terminé en [132] ms
01-Dec-2019 17:25:06.131 INFOS [localhost-startStop-1] org.apache.catalina.startup.HostConfig.deployDirectory Déploiement du répertoire d'application web [/home/hagimont/install/apache-tomcat-8.5.47/webapps/host-manager]
01-Dec-2019 17:25:06.278 INFOS [localhost-startStop-1] org.apache.jasper.servlet.TldScanner.scanJars Au moins un fichier JAR a été analysé pour trouver des TLDs mais il n'en contenait pas, le mode "debug" du journal peut être activé pour obtenir une liste complète de JAR scannés sans succès; éviter d'analyser des JARs inutilement peut améliorer sensiblement le temps de démarrage et le temps de compilation des JSPs
01-Dec-2019 17:25:06.279 INFOS [localhost-startStop-1] org.apache.catalina.startup.HostConfig.deployDirectory Le déploiement du répertoire [/home/hagimont/install/apache-tomcat-8.5.47/webapps/host-manager] de l'application web s'est terminé en [148] ms
01-Dec-2019 17:25:06.279 INFOS [localhost-startStop-1] org.apache.catalina.startup.HostConfig.deployDirectory Déploiement du répertoire d'application web [/home/hagimont/install/apache-tomcat-8.5.47/webapps/examples]
01-Dec-2019 17:25:06.495 INFOS [localhost-startStop-1] org.apache.jasper.servlet.TldScanner.scanJars Au moins un fichier JAR a été analysé pour trouver des TLDs mais il n'en contenait pas, le mode "debug" du journal peut être activé pour obtenir une liste complète de JAR scannés sans succès; éviter d'analyser des JARs inutilement peut améliorer sensiblement le temps de démarrage et le temps de compilation des JSPs
01-Dec-2019 17:25:06.521 INFOS [localhost-startStop-1] org.apache.catalina.startup.HostConfig.deployDirectory Le déploiement du répertoire [/home/hagimont/install/apache-tomcat-8.5.47/webapps/examples] de l'application web s'est terminé en [242] ms
01-Dec-2019 17:25:06.521 INFOS [localhost-startStop-1] org.apache.catalina.startup.HostConfig.deployDirectory Déploiement du répertoire d'application web [/home/hagimont/install/apache-tomcat-8.5.47/webapps/ROOT]
01-Dec-2019 17:25:06.683 INFOS [localhost-startStop-1] org.apache.jasper.servlet.TldScanner.scanJars Au moins un fichier JAR a été analysé pour trouver des TLDs mais il n'en contenait pas, le mode "debug" du journal peut être activé pour obtenir une liste complète de JAR scannés sans succès; éviter d'analyser des JARs inutilement peut améliorer sensiblement le temps de démarrage et le temps de compilation des JSPs
01-Dec-2019 17:25:06.684 INFOS [localhost-startStop-1] org.apache.catalina.startup.HostConfig.deployDirectory Le déploiement du répertoire [/home/hagimont/install/apache-tomcat-8.5.47/webapps/ROOT] de l'application web s'est terminé en [163] ms
01-Dec-2019 17:25:06.686 INFOS [main] org.apache.coyote.AbstractProtocol.start Démarrage du gestionnaire de protocole ["http-nio-8080"]
01-Dec-2019 17:25:06.695 INFOS [main] org.apache.coyote.AbstractProtocol.start Démarrage du gestionnaire de protocole ["ajp-nio-8009"]
01-Dec-2019 17:25:06.707 INFOS [main] org.apache.catalina.startup.Catalina.start Server startup in 1789 ms
01-Dec-2019 17:25:27.195 INFOS [ContainerBackgroundProcessor[StandardEngine[Catalina]]] org.apache.catalina.startup.HostConfig.undeploy Retrait de l'application web ayant pour chemin de contexte [/web]
01-Dec-2019 17:25:27.709 INFOS [ContainerBackgroundProcessor[StandardEngine[Catalina]]] org.apache.catalina.startup.HostConfig.undeploy Retrait de l'application web ayant pour chemin de contexte [/WS]
01-Dec-2019 17:27:07.754 INFOS [localhost-startStop-2] org.apache.catalina.startup.HostConfig.deployWAR Déploiement de l'archive [/home/hagimont/install/apache-tomcat-8.5.47/webapps/students-server.war] de l'application web
01-Dec-2019 17:27:07.939 INFOS [localhost-startStop-2] org.apache.jasper.servlet.TldScanner.scanJars Au moins un fichier JAR a été analysé pour trouver des TLDs mais il n'en contenait pas, le mode "debug" du journal peut être activé pour obtenir une liste complète de JAR scannés sans succès; éviter d'analyser des JARs inutilement peut améliorer sensiblement le temps de démarrage et le temps de compilation des JSPs
01-Dec-2019 17:27:07.941 INFOS [localhost-startStop-2] org.apache.catalina.startup.HostConfig.deployWAR Le déploiement de l'archive de l'application web [/home/hagimont/install/apache-tomcat-8.5.47/webapps/students-server.war] s'est terminé en [187] ms
01-Dec-2019 17:27:30.957 INFOS [http-nio-8080-exec-11] org.jboss.resteasy.spi.ResteasyDeployment. Deploying javax.ws.rs.core.Application: class pack.RestApp
01-Dec-2019 17:27:30.958 INFOS [http-nio-8080-exec-11] org.jboss.resteasy.spi.ResteasyDeployment. Adding singleton resource pack.Students from Application class pack.RestApp
01-Dec-2019 17:34:48.065 INFOS [localhost-startStop-3] org.apache.catalina.startup.HostConfig.deployWAR Déploiement de l'archive [/home/hagimont/install/apache-tomcat-8.5.47/webapps/student-rest.war] de l'application web
01-Dec-2019 17:34:48.200 INFOS [localhost-startStop-3] org.apache.jasper.servlet.TldScanner.scanJars Au moins un fichier JAR a été analysé pour trouver des TLDs mais il n'en contenait pas, le mode "debug" du journal peut être activé pour obtenir une liste complète de JAR scannés sans succès; éviter d'analyser des JARs inutilement peut améliorer sensiblement le temps de démarrage et le temps de compilation des JSPs
01-Dec-2019 17:34:48.201 INFOS [localhost-startStop-3] org.apache.catalina.startup.HostConfig.deployWAR Le déploiement de l'archive de l'application web [/home/hagimont/install/apache-tomcat-8.5.47/webapps/student-rest.war] s'est terminé en [136] ms
01-Dec-2019 17:35:08.322 INFOS [http-nio-8080-exec-13] org.jboss.resteasy.spi.ResteasyDeployment. Deploying javax.ws.rs.core.Application: class pack.RestApp
01-Dec-2019 17:35:08.323 INFOS [http-nio-8080-exec-13] org.jboss.resteasy.spi.ResteasyDeployment. Adding singleton resource pack.Mark from Application class pack.RestApp
01-Dec-2019 17:44:28.333 INFOS [localhost-startStop-4] org.apache.catalina.startup.HostConfig.deployWAR Déploiement de l'archive [/home/hagimont/install/apache-tomcat-8.5.47/webapps/stu-soap.war] de l'application web
01-Dec-2019 17:44:28.593 INFOS [localhost-startStop-4] org.apache.jasper.servlet.TldScanner.scanJars Au moins un fichier JAR a été analysé pour trouver des TLDs mais il n'en contenait pas, le mode "debug" du journal peut être activé pour obtenir une liste complète de JAR scannés sans succès; éviter d'analyser des JARs inutilement peut améliorer sensiblement le temps de démarrage et le temps de compilation des JSPs
01-Dec-2019 17:44:28.647 AVERTISSEMENT [localhost-startStop-4] org.apache.axis.utils.JavaUtils.isAttachmentSupported Unable to find required classes (javax.activation.DataHandler and javax.mail.internet.MimeMultipart). Attachment support is disabled.
01-Dec-2019 17:44:28.700 INFOS [localhost-startStop-4] org.apache.catalina.startup.HostConfig.deployWAR Le déploiement de l'archive de l'application web [/home/hagimont/install/apache-tomcat-8.5.47/webapps/stu-soap.war] s'est terminé en [367] ms
01-Dec-2019 17:45:49.223 INFOS [ContainerBackgroundProcessor[StandardEngine[Catalina]]] org.apache.catalina.startup.HostConfig.undeploy Retrait de l'application web ayant pour chemin de contexte [/stu-soap]
01-Dec-2019 17:46:09.749 INFOS [ContainerBackgroundProcessor[StandardEngine[Catalina]]] org.apache.catalina.startup.HostConfig.undeploy Retrait de l'application web ayant pour chemin de contexte [/student-rest]
01-Dec-2019 17:46:20.261 INFOS [ContainerBackgroundProcessor[StandardEngine[Catalina]]] org.apache.catalina.startup.HostConfig.undeploy Retrait de l'application web ayant pour chemin de contexte [/students-server]
01-Dec-2019 17:47:09.155 INFOS [main] org.apache.catalina.core.StandardServer.await Une commande d'arrêt valide a été reçue sur le port d'arrêt, arrêt de l'instance du serveur
01-Dec-2019 17:47:09.156 INFOS [main] org.apache.coyote.AbstractProtocol.pause Le gestionnaire de protocole ["http-nio-8080"] est mis en pause
01-Dec-2019 17:47:09.162 INFOS [main] org.apache.coyote.AbstractProtocol.pause Le gestionnaire de protocole ["ajp-nio-8009"] est mis en pause
01-Dec-2019 17:47:09.167 INFOS [main] org.apache.catalina.core.StandardService.stopInternal Arrêt du service [Catalina]
01-Dec-2019 17:47:09.177 INFOS [main] org.apache.coyote.AbstractProtocol.stop Arrêt du gestionnaire de protocole ["http-nio-8080"]
01-Dec-2019 17:47:09.178 INFOS [main] org.apache.coyote.AbstractProtocol.stop Arrêt du gestionnaire de protocole ["ajp-nio-8009"]
01-Dec-2019 17:47:09.179 INFOS [main] org.apache.coyote.AbstractProtocol.destroy Destruction du gestionnaire de protocole ["http-nio-8080"]
01-Dec-2019 17:47:09.180 INFOS [main] org.apache.coyote.AbstractProtocol.destroy Destruction du gestionnaire de protocole ["ajp-nio-8009"]
